# JRE version: OpenJDK Runtime Environment (22.0.2+9) (build 22.0.2+9-70)
# Java VM: OpenJDK 64-Bit Server VM (22.0.2+9-70, mixed mode, sharing, tiered, compressed oops, compressed class ptrs, g1 gc, windows-amd64)
GC Precious Log:
 CardTable entry size: 512
 Card Set container configuration: InlinePtr #cards 5 size 8 Array Of Cards #cards 12 size 40 Howl #buckets 4 coarsen threshold 1843 Howl Bitmap #cards 512 size 80 coarsen threshold 460 Card regions per heap region 1 cards per card region 2048
 CPUs: 4 total, 4 available
 Memory: 7982M
 Large Page Support: Disabled
 NUMA Support: Disabled
 Compressed Oops: Enabled (32-bit)
 Heap Region Size: 1M
 Heap Min Capacity: 8M
 Heap Initial Capacity: 126M
 Heap Max Capacity: 1996M
 Pre-touch: Disabled
 Parallel Workers: 4
 Concurrent Workers: 1
 Concurrent Refinement Workers: 4
 Periodic GC: Disabled
Heap:
 garbage-first heap   total reserved 2043904K, committed 51200K, used 21205K [0x0000000083400000, 0x0000000100000000)
  region size 1024K, 18 young (18432K), 10 survivors (10240K)
 Metaspace       used 22608K, committed 22912K, reserved 1114112K
  class space    used 3177K, committed 3328K, reserved 1048576K
GC Heap History (6 events):
Event: 0.731 GC heap before
{Heap before GC invocations=0 (full 0):
 garbage-first heap   total reserved 2043904K, committed 129024K, used 13312K [0x0000000083400000, 0x0000000100000000)
  region size 1024K, 14 young (14336K), 0 survivors (0K)
 Metaspace       used 2579K, committed 2752K, reserved 1114112K
  class space    used 273K, committed 320K, reserved 1048576K
}
Event: 0.734 GC heap after
{Heap after GC invocations=1 (full 0):
 garbage-first heap   total reserved 2043904K, committed 129024K, used 2436K [0x0000000083400000, 0x0000000100000000)
  region size 1024K, 2 young (2048K), 2 survivors (2048K)
 Metaspace       used 2579K, committed 2752K, reserved 1114112K
  class space    used 273K, committed 320K, reserved 1048576K
}
Event: 1.251 GC heap before
{Heap before GC invocations=1 (full 0):
 garbage-first heap   total reserved 2043904K, committed 129024K, used 23940K [0x0000000083400000, 0x0000000100000000)
  region size 1024K, 24 young (24576K), 2 survivors (2048K)
 Metaspace       used 6066K, committed 6272K, reserved 1114112K
  class space    used 763K, committed 832K, reserved 1048576K
}
Event: 1.256 GC heap after
{Heap after GC invocations=2 (full 0):
 garbage-first heap   total reserved 2043904K, committed 129024K, used 5658K [0x0000000083400000, 0x0000000100000000)
  region size 1024K, 3 young (3072K), 3 survivors (3072K)
 Metaspace       used 6066K, committed 6272K, reserved 1114112K
  class space    used 763K, committed 832K, reserved 1048576K
}
Event: 8.876 GC heap before
{Heap before GC invocations=2 (full 0):
 garbage-first heap   total reserved 2043904K, committed 129024K, used 57882K [0x0000000083400000, 0x0000000100000000)
  region size 1024K, 54 young (55296K), 3 survivors (3072K)
 Metaspace       used 21233K, committed 21504K, reserved 1114112K
  class space    used 2966K, committed 3072K, reserved 1048576K
}
Event: 8.884 GC heap after
{Heap after GC invocations=3 (full 0):
 garbage-first heap   total reserved 2043904K, committed 129024K, used 14037K [0x0000000083400000, 0x0000000100000000)
  region size 1024K, 10 young (10240K), 10 survivors (10240K)
 Metaspace       used 21233K, committed 21504K, reserved 1114112K
  class space    used 2966K, committed 3072K, reserved 1048576K
}

